{"timestamp": "2026-04-14 18:22:15", "data_input": {"duration": 10, "protocol_type": 1, "service": 1, "src_bytes": 500, "dst_bytes": 0, "count": 300, "srv_count": 200, "serror_rate": 0.7, "srv_serror_rate": 0.6, "same_srv_rate": 1}, "result": "\u2705 NORMAL"}
{"timestamp": "2026-04-14 18:26:18", "data_input": {"duration": 10, "protocol_type": 1, "service": 1, "src_bytes": 500, "dst_bytes": 0, "count": 100, "srv_count": 50, "serror_rate": 0.1, "srv_serror_rate": 0.1, "same_srv_rate": 1.0}, "result": "\u2705 NORMAL"}
{"timestamp": "2026-04-14 18:27:16", "data_input": {"duration": 9, "protocol_type": 2, "service": 7, "src_bytes": 5, "dst_bytes": 6, "count": 4, "srv_count": 4, "serror_rate": 0.33, "srv_serror_rate": 0.53, "same_srv_rate": 0.3}, "result": "\ud83d\udea8 ATTACK"}
{"timestamp": "2026-04-14 18:35:39", "data_input": {"duration": 5.0, "protocol_type": 0, "service": 0, "src_bytes": 200.0, "dst_bytes": 300.0, "count": 50.0, "srv_count": 40.0, "serror_rate": 0.1, "srv_serror_rate": 0.1, "same_srv_rate": 1.0}, "result": "\u2705 NORMAL"}
{"timestamp": "2026-04-14 18:35:39", "data_input": {"duration": 10.0, "protocol_type": 0, "service": 0, "src_bytes": 5000.0, "dst_bytes": 0.0, "count": 300.0, "srv_count": 200.0, "serror_rate": 0.8, "srv_serror_rate": 0.7, "same_srv_rate": 1.0}, "result": "\ud83d\udea8 ATTACK"}
{"timestamp": "2026-04-14 18:35:39", "data_input": {"duration": 2.0, "protocol_type": 0, "service": 0, "src_bytes": 150.0, "dst_bytes": 100.0, "count": 30.0, "srv_count": 20.0, "serror_rate": 0.0, "srv_serror_rate": 0.0, "same_srv_rate": 1.0}, "result": "\u2705 NORMAL"}
{"timestamp": "2026-04-14 18:35:39", "data_input": {"duration": 15.0, "protocol_type": 0, "service": 0, "src_bytes": 8000.0, "dst_bytes": 0.0, "count": 400.0, "srv_count": 350.0, "serror_rate": 0.9, "srv_serror_rate": 0.9, "same_srv_rate": 1.0}, "result": "\ud83d\udea8 ATTACK"}
{"timestamp": "2026-04-14 18:35:39", "data_input": {"duration": 1.0, "protocol_type": 0, "service": 0, "src_bytes": 100.0, "dst_bytes": 200.0, "count": 10.0, "srv_count": 5.0, "serror_rate": 0.0, "srv_serror_rate": 0.0, "same_srv_rate": 1.0}, "result": "\u2705 NORMAL"}
{"timestamp": "2026-04-14 18:35:39", "data_input": {"duration": 20.0, "protocol_type": 0, "service": 0, "src_bytes": 50.0, "dst_bytes": 0.0, "count": 500.0, "srv_count": 450.0, "serror_rate": 0.95, "srv_serror_rate": 0.9, "same_srv_rate": 1.0}, "result": "\u2705 NORMAL"}
{"timestamp": "2026-04-14 18:35:39", "data_input": {"duration": 8.0, "protocol_type": 0, "service": 0, "src_bytes": 300.0, "dst_bytes": 400.0, "count": 60.0, "srv_count": 50.0, "serror_rate": 0.2, "srv_serror_rate": 0.2, "same_srv_rate": 1.0}, "result": "\u2705 NORMAL"}
{"timestamp": "2026-04-14 18:35:39", "data_input": {"duration": 12.0, "protocol_type": 0, "service": 0, "src_bytes": 7000.0, "dst_bytes": 0.0, "count": 350.0, "srv_count": 300.0, "serror_rate": 0.85, "srv_serror_rate": 0.8, "same_srv_rate": 1.0}, "result": "\ud83d\udea8 ATTACK"}
{"timestamp": "2026-04-14 18:35:39", "data_input": {"duration": 3.0, "protocol_type": 0, "service": 0, "src_bytes": 120.0, "dst_bytes": 150.0, "count": 25.0, "srv_count": 20.0, "serror_rate": 0.05, "srv_serror_rate": 0.05, "same_srv_rate": 1.0}, "result": "\u2705 NORMAL"}
{"timestamp": "2026-04-14 18:35:39", "data_input": {"duration": 25.0, "protocol_type": 0, "service": 0, "src_bytes": 9000.0, "dst_bytes": 0.0, "count": 600.0, "srv_count": 500.0, "serror_rate": 0.99, "srv_serror_rate": 0.95, "same_srv_rate": 1.0}, "result": "\ud83d\udea8 ATTACK"}
{"timestamp": "2026-04-14 18:35:39", "data_input": {"duration": 6.0, "protocol_type": 0, "service": 0, "src_bytes": 220.0, "dst_bytes": 310.0, "count": 55.0, "srv_count": 42.0, "serror_rate": 0.12, "srv_serror_rate": 0.1, "same_srv_rate": 1.0}, "result": "\u2705 NORMAL"}
{"timestamp": "2026-04-14 18:35:39", "data_input": {"duration": 7.0, "protocol_type": 0, "service": 0, "src_bytes": 180.0, "dst_bytes": 200.0, "count": 40.0, "srv_count": 35.0, "serror_rate": 0.0, "srv_serror_rate": 0.0, "same_srv_rate": 1.0}, "result": "\u2705 NORMAL"}
{"timestamp": "2026-04-14 18:35:39", "data_input": {"duration": 9.0, "protocol_type": 0, "service": 0, "src_bytes": 6000.0, "dst_bytes": 0.0, "count": 320.0, "srv_count": 250.0, "serror_rate": 0.75, "srv_serror_rate": 0.7, "same_srv_rate": 1.0}, "result": "\ud83d\udea8 ATTACK"}
{"timestamp": "2026-04-14 18:35:39", "data_input": {"duration": 11.0, "protocol_type": 0, "service": 0, "src_bytes": 700.0, "dst_bytes": 100.0, "count": 80.0, "srv_count": 70.0, "serror_rate": 0.3, "srv_serror_rate": 0.25, "same_srv_rate": 1.0}, "result": "\u2705 NORMAL"}
{"timestamp": "2026-04-14 18:35:39", "data_input": {"duration": 14.0, "protocol_type": 0, "service": 0, "src_bytes": 6500.0, "dst_bytes": 0.0, "count": 360.0, "srv_count": 310.0, "serror_rate": 0.88, "srv_serror_rate": 0.85, "same_srv_rate": 1.0}, "result": "\ud83d\udea8 ATTACK"}
{"timestamp": "2026-04-14 18:35:39", "data_input": {"duration": 4.0, "protocol_type": 0, "service": 0, "src_bytes": 130.0, "dst_bytes": 180.0, "count": 28.0, "srv_count": 22.0, "serror_rate": 0.02, "srv_serror_rate": 0.02, "same_srv_rate": 1.0}, "result": "\u2705 NORMAL"}
{"timestamp": "2026-04-14 18:35:39", "data_input": {"duration": 18.0, "protocol_type": 0, "service": 0, "src_bytes": 10000.0, "dst_bytes": 0.0, "count": 650.0, "srv_count": 550.0, "serror_rate": 0.97, "srv_serror_rate": 0.93, "same_srv_rate": 1.0}, "result": "\ud83d\udea8 ATTACK"}
{"timestamp": "2026-04-14 18:35:40", "data_input": {"duration": 21.0, "protocol_type": 0, "service": 0, "src_bytes": 400.0, "dst_bytes": 500.0, "count": 90.0, "srv_count": 80.0, "serror_rate": 0.15, "srv_serror_rate": 0.1, "same_srv_rate": 1.0}, "result": "\u2705 NORMAL"}
{"timestamp": "2026-04-14 18:35:40", "data_input": {"duration": 16.0, "protocol_type": 0, "service": 0, "src_bytes": 7200.0, "dst_bytes": 0.0, "count": 370.0, "srv_count": 320.0, "serror_rate": 0.86, "srv_serror_rate": 0.82, "same_srv_rate": 1.0}, "result": "\ud83d\udea8 ATTACK"}
{"timestamp": "2026-04-14 18:35:40", "data_input": {"duration": 13.0, "protocol_type": 0, "service": 0, "src_bytes": 250.0, "dst_bytes": 260.0, "count": 60.0, "srv_count": 55.0, "serror_rate": 0.1, "srv_serror_rate": 0.1, "same_srv_rate": 1.0}, "result": "\u2705 NORMAL"}
{"timestamp": "2026-04-14 18:35:40", "data_input": {"duration": 22.0, "protocol_type": 0, "service": 0, "src_bytes": 9500.0, "dst_bytes": 0.0, "count": 700.0, "srv_count": 600.0, "serror_rate": 0.99, "srv_serror_rate": 0.96, "same_srv_rate": 1.0}, "result": "\ud83d\udea8 ATTACK"}
{"timestamp": "2026-04-14 18:35:40", "data_input": {"duration": 2.0, "protocol_type": 0, "service": 0, "src_bytes": 110.0, "dst_bytes": 140.0, "count": 20.0, "srv_count": 18.0, "serror_rate": 0.0, "srv_serror_rate": 0.0, "same_srv_rate": 1.0}, "result": "\u2705 NORMAL"}
{"timestamp": "2026-04-14 18:35:40", "data_input": {"duration": 3.0, "protocol_type": 0, "service": 0, "src_bytes": 160.0, "dst_bytes": 180.0, "count": 30.0, "srv_count": 25.0, "serror_rate": 0.01, "srv_serror_rate": 0.01, "same_srv_rate": 1.0}, "result": "\u2705 NORMAL"}
{"timestamp": "2026-04-14 18:35:40", "data_input": {"duration": 5.0, "protocol_type": 0, "service": 0, "src_bytes": 600.0, "dst_bytes": 500.0, "count": 70.0, "srv_count": 65.0, "serror_rate": 0.2, "srv_serror_rate": 0.15, "same_srv_rate": 1.0}, "result": "\u2705 NORMAL"}
{"timestamp": "2026-04-14 18:35:40", "data_input": {"duration": 17.0, "protocol_type": 0, "service": 0, "src_bytes": 8000.0, "dst_bytes": 0.0, "count": 450.0, "srv_count": 400.0, "serror_rate": 0.9, "srv_serror_rate": 0.88, "same_srv_rate": 1.0}, "result": "\ud83d\udea8 ATTACK"}
{"timestamp": "2026-04-14 18:35:40", "data_input": {"duration": 19.0, "protocol_type": 0, "service": 0, "src_bytes": 500.0, "dst_bytes": 450.0, "count": 85.0, "srv_count": 75.0, "serror_rate": 0.12, "srv_serror_rate": 0.1, "same_srv_rate": 1.0}, "result": "\u2705 NORMAL"}
{"timestamp": "2026-04-14 18:35:40", "data_input": {"duration": 23.0, "protocol_type": 0, "service": 0, "src_bytes": 8800.0, "dst_bytes": 0.0, "count": 680.0, "srv_count": 580.0, "serror_rate": 0.98, "srv_serror_rate": 0.94, "same_srv_rate": 1.0}, "result": "\ud83d\udea8 ATTACK"}
{"timestamp": "2026-04-14 18:35:40", "data_input": {"duration": 24.0, "protocol_type": 0, "service": 0, "src_bytes": 7600.0, "dst_bytes": 0.0, "count": 390.0, "srv_count": 340.0, "serror_rate": 0.87, "srv_serror_rate": 0.83, "same_srv_rate": 1.0}, "result": "\ud83d\udea8 ATTACK"}
{"timestamp": "2026-04-14 18:35:40", "data_input": {"duration": 26.0, "protocol_type": 0, "service": 0, "src_bytes": 10200.0, "dst_bytes": 0.0, "count": 720.0, "srv_count": 620.0, "serror_rate": 0.99, "srv_serror_rate": 0.97, "same_srv_rate": 1.0}, "result": "\ud83d\udea8 ATTACK"}
{"timestamp": "2026-04-14 18:35:40", "data_input": {"duration": 27.0, "protocol_type": 0, "service": 0, "src_bytes": 12000.0, "dst_bytes": 0.0, "count": 800.0, "srv_count": 700.0, "serror_rate": 0.99, "srv_serror_rate": 0.98, "same_srv_rate": 1.0}, "result": "\ud83d\udea8 ATTACK"}
{"timestamp": "2026-04-14 18:35:40", "data_input": {"duration": 28.0, "protocol_type": 0, "service": 0, "src_bytes": 450.0, "dst_bytes": 480.0, "count": 95.0, "srv_count": 85.0, "serror_rate": 0.1, "srv_serror_rate": 0.1, "same_srv_rate": 1.0}, "result": "\u2705 NORMAL"}
{"timestamp": "2026-04-14 18:35:40", "data_input": {"duration": 29.0, "protocol_type": 0, "service": 0, "src_bytes": 7300.0, "dst_bytes": 0.0, "count": 380.0, "srv_count": 330.0, "serror_rate": 0.85, "srv_serror_rate": 0.8, "same_srv_rate": 1.0}, "result": "\ud83d\udea8 ATTACK"}
{"timestamp": "2026-04-14 18:35:40", "data_input": {"duration": 30.0, "protocol_type": 0, "service": 0, "src_bytes": 10500.0, "dst_bytes": 0.0, "count": 750.0, "srv_count": 650.0, "serror_rate": 0.99, "srv_serror_rate": 0.97, "same_srv_rate": 1.0}, "result": "\ud83d\udea8 ATTACK"}
{"timestamp": "2026-04-14 18:35:40", "data_input": {"duration": 31.0, "protocol_type": 0, "service": 0, "src_bytes": 200.0, "dst_bytes": 300.0, "count": 50.0, "srv_count": 40.0, "serror_rate": 0.1, "srv_serror_rate": 0.1, "same_srv_rate": 1.0}, "result": "\u2705 NORMAL"}
{"timestamp": "2026-04-14 18:35:40", "data_input": {"duration": 32.0, "protocol_type": 0, "service": 0, "src_bytes": 5000.0, "dst_bytes": 0.0, "count": 300.0, "srv_count": 200.0, "serror_rate": 0.8, "srv_serror_rate": 0.7, "same_srv_rate": 1.0}, "result": "\ud83d\udea8 ATTACK"}
{"timestamp": "2026-04-14 18:35:40", "data_input": {"duration": 33.0, "protocol_type": 0, "service": 0, "src_bytes": 150.0, "dst_bytes": 100.0, "count": 30.0, "srv_count": 20.0, "serror_rate": 0.0, "srv_serror_rate": 0.0, "same_srv_rate": 1.0}, "result": "\u2705 NORMAL"}
{"timestamp": "2026-04-14 18:35:40", "data_input": {"duration": 34.0, "protocol_type": 0, "service": 0, "src_bytes": 8000.0, "dst_bytes": 0.0, "count": 400.0, "srv_count": 350.0, "serror_rate": 0.9, "srv_serror_rate": 0.9, "same_srv_rate": 1.0}, "result": "\ud83d\udea8 ATTACK"}
{"timestamp": "2026-04-14 18:35:41", "data_input": {"duration": 35.0, "protocol_type": 0, "service": 0, "src_bytes": 100.0, "dst_bytes": 200.0, "count": 10.0, "srv_count": 5.0, "serror_rate": 0.0, "srv_serror_rate": 0.0, "same_srv_rate": 1.0}, "result": "\u2705 NORMAL"}
{"timestamp": "2026-04-14 18:35:41", "data_input": {"duration": 36.0, "protocol_type": 0, "service": 0, "src_bytes": 50.0, "dst_bytes": 0.0, "count": 500.0, "srv_count": 450.0, "serror_rate": 0.95, "srv_serror_rate": 0.9, "same_srv_rate": 1.0}, "result": "\u2705 NORMAL"}
{"timestamp": "2026-04-14 18:35:41", "data_input": {"duration": 37.0, "protocol_type": 0, "service": 0, "src_bytes": 300.0, "dst_bytes": 400.0, "count": 60.0, "srv_count": 50.0, "serror_rate": 0.2, "srv_serror_rate": 0.2, "same_srv_rate": 1.0}, "result": "\u2705 NORMAL"}
{"timestamp": "2026-04-14 18:35:41", "data_input": {"duration": 38.0, "protocol_type": 0, "service": 0, "src_bytes": 7000.0, "dst_bytes": 0.0, "count": 350.0, "srv_count": 300.0, "serror_rate": 0.85, "srv_serror_rate": 0.8, "same_srv_rate": 1.0}, "result": "\ud83d\udea8 ATTACK"}
{"timestamp": "2026-04-14 18:35:41", "data_input": {"duration": 39.0, "protocol_type": 0, "service": 0, "src_bytes": 120.0, "dst_bytes": 150.0, "count": 25.0, "srv_count": 20.0, "serror_rate": 0.05, "srv_serror_rate": 0.05, "same_srv_rate": 1.0}, "result": "\u2705 NORMAL"}
{"timestamp": "2026-04-14 18:35:41", "data_input": {"duration": 40.0, "protocol_type": 0, "service": 0, "src_bytes": 9000.0, "dst_bytes": 0.0, "count": 600.0, "srv_count": 500.0, "serror_rate": 0.99, "srv_serror_rate": 0.95, "same_srv_rate": 1.0}, "result": "\ud83d\udea8 ATTACK"}
{"timestamp": "2026-04-14 18:35:41", "data_input": {"duration": 41.0, "protocol_type": 0, "service": 0, "src_bytes": 210.0, "dst_bytes": 310.0, "count": 55.0, "srv_count": 42.0, "serror_rate": 0.1, "srv_serror_rate": 0.1, "same_srv_rate": 1.0}, "result": "\u2705 NORMAL"}
{"timestamp": "2026-04-14 18:35:41", "data_input": {"duration": 42.0, "protocol_type": 0, "service": 0, "src_bytes": 180.0, "dst_bytes": 200.0, "count": 40.0, "srv_count": 35.0, "serror_rate": 0.0, "srv_serror_rate": 0.0, "same_srv_rate": 1.0}, "result": "\u2705 NORMAL"}
{"timestamp": "2026-04-14 18:35:41", "data_input": {"duration": 43.0, "protocol_type": 0, "service": 0, "src_bytes": 6200.0, "dst_bytes": 0.0, "count": 330.0, "srv_count": 260.0, "serror_rate": 0.75, "srv_serror_rate": 0.7, "same_srv_rate": 1.0}, "result": "\ud83d\udea8 ATTACK"}
{"timestamp": "2026-04-14 18:35:41", "data_input": {"duration": 44.0, "protocol_type": 0, "service": 0, "src_bytes": 700.0, "dst_bytes": 100.0, "count": 80.0, "srv_count": 70.0, "serror_rate": 0.3, "srv_serror_rate": 0.25, "same_srv_rate": 1.0}, "result": "\u2705 NORMAL"}
{"timestamp": "2026-04-14 18:35:41", "data_input": {"duration": 45.0, "protocol_type": 0, "service": 0, "src_bytes": 6500.0, "dst_bytes": 0.0, "count": 360.0, "srv_count": 310.0, "serror_rate": 0.88, "srv_serror_rate": 0.85, "same_srv_rate": 1.0}, "result": "\ud83d\udea8 ATTACK"}
{"timestamp": "2026-04-14 18:35:41", "data_input": {"duration": 46.0, "protocol_type": 0, "service": 0, "src_bytes": 130.0, "dst_bytes": 180.0, "count": 28.0, "srv_count": 22.0, "serror_rate": 0.02, "srv_serror_rate": 0.02, "same_srv_rate": 1.0}, "result": "\u2705 NORMAL"}
{"timestamp": "2026-04-14 18:35:41", "data_input": {"duration": 47.0, "protocol_type": 0, "service": 0, "src_bytes": 10000.0, "dst_bytes": 0.0, "count": 650.0, "srv_count": 550.0, "serror_rate": 0.97, "srv_serror_rate": 0.93, "same_srv_rate": 1.0}, "result": "\ud83d\udea8 ATTACK"}
{"timestamp": "2026-04-14 18:35:41", "data_input": {"duration": 48.0, "protocol_type": 0, "service": 0, "src_bytes": 400.0, "dst_bytes": 500.0, "count": 90.0, "srv_count": 80.0, "serror_rate": 0.15, "srv_serror_rate": 0.1, "same_srv_rate": 1.0}, "result": "\u2705 NORMAL"}
{"timestamp": "2026-04-14 18:35:41", "data_input": {"duration": 49.0, "protocol_type": 0, "service": 0, "src_bytes": 7200.0, "dst_bytes": 0.0, "count": 370.0, "srv_count": 320.0, "serror_rate": 0.86, "srv_serror_rate": 0.82, "same_srv_rate": 1.0}, "result": "\ud83d\udea8 ATTACK"}
{"timestamp": "2026-04-14 18:35:41", "data_input": {"duration": 50.0, "protocol_type": 0, "service": 0, "src_bytes": 250.0, "dst_bytes": 260.0, "count": 60.0, "srv_count": 55.0, "serror_rate": 0.1, "srv_serror_rate": 0.1, "same_srv_rate": 1.0}, "result": "\u2705 NORMAL"}
{"timestamp": "2026-04-14 18:35:41", "data_input": {"duration": 51.0, "protocol_type": 0, "service": 0, "src_bytes": 9500.0, "dst_bytes": 0.0, "count": 700.0, "srv_count": 600.0, "serror_rate": 0.99, "srv_serror_rate": 0.96, "same_srv_rate": 1.0}, "result": "\ud83d\udea8 ATTACK"}
{"timestamp": "2026-04-14 18:35:41", "data_input": {"duration": 52.0, "protocol_type": 0, "service": 0, "src_bytes": 110.0, "dst_bytes": 140.0, "count": 20.0, "srv_count": 18.0, "serror_rate": 0.0, "srv_serror_rate": 0.0, "same_srv_rate": 1.0}, "result": "\u2705 NORMAL"}
{"timestamp": "2026-04-14 18:35:41", "data_input": {"duration": 53.0, "protocol_type": 0, "service": 0, "src_bytes": 160.0, "dst_bytes": 180.0, "count": 30.0, "srv_count": 25.0, "serror_rate": 0.01, "srv_serror_rate": 0.01, "same_srv_rate": 1.0}, "result": "\u2705 NORMAL"}
{"timestamp": "2026-04-14 18:35:41", "data_input": {"duration": 54.0, "protocol_type": 0, "service": 0, "src_bytes": 600.0, "dst_bytes": 500.0, "count": 70.0, "srv_count": 65.0, "serror_rate": 0.2, "srv_serror_rate": 0.15, "same_srv_rate": 1.0}, "result": "\u2705 NORMAL"}
{"timestamp": "2026-04-14 18:35:42", "data_input": {"duration": 55.0, "protocol_type": 0, "service": 0, "src_bytes": 8000.0, "dst_bytes": 0.0, "count": 450.0, "srv_count": 400.0, "serror_rate": 0.9, "srv_serror_rate": 0.88, "same_srv_rate": 1.0}, "result": "\ud83d\udea8 ATTACK"}
{"timestamp": "2026-04-14 18:35:42", "data_input": {"duration": 56.0, "protocol_type": 0, "service": 0, "src_bytes": 500.0, "dst_bytes": 450.0, "count": 85.0, "srv_count": 75.0, "serror_rate": 0.12, "srv_serror_rate": 0.1, "same_srv_rate": 1.0}, "result": "\u2705 NORMAL"}
{"timestamp": "2026-04-14 18:35:42", "data_input": {"duration": 57.0, "protocol_type": 0, "service": 0, "src_bytes": 8800.0, "dst_bytes": 0.0, "count": 680.0, "srv_count": 580.0, "serror_rate": 0.98, "srv_serror_rate": 0.94, "same_srv_rate": 1.0}, "result": "\ud83d\udea8 ATTACK"}
{"timestamp": "2026-04-14 18:35:42", "data_input": {"duration": 58.0, "protocol_type": 0, "service": 0, "src_bytes": 7600.0, "dst_bytes": 0.0, "count": 390.0, "srv_count": 340.0, "serror_rate": 0.87, "srv_serror_rate": 0.83, "same_srv_rate": 1.0}, "result": "\ud83d\udea8 ATTACK"}
{"timestamp": "2026-04-14 18:35:42", "data_input": {"duration": 59.0, "protocol_type": 0, "service": 0, "src_bytes": 10200.0, "dst_bytes": 0.0, "count": 720.0, "srv_count": 620.0, "serror_rate": 0.99, "srv_serror_rate": 0.97, "same_srv_rate": 1.0}, "result": "\ud83d\udea8 ATTACK"}
{"timestamp": "2026-04-14 18:35:42", "data_input": {"duration": 60.0, "protocol_type": 0, "service": 0, "src_bytes": 12000.0, "dst_bytes": 0.0, "count": 800.0, "srv_count": 700.0, "serror_rate": 0.99, "srv_serror_rate": 0.98, "same_srv_rate": 1.0}, "result": "\ud83d\udea8 ATTACK"}
{"timestamp": "2026-04-14 18:35:42", "data_input": {"duration": 61.0, "protocol_type": 0, "service": 0, "src_bytes": 450.0, "dst_bytes": 480.0, "count": 95.0, "srv_count": 85.0, "serror_rate": 0.1, "srv_serror_rate": 0.1, "same_srv_rate": 1.0}, "result": "\u2705 NORMAL"}
{"timestamp": "2026-04-14 18:35:42", "data_input": {"duration": 62.0, "protocol_type": 0, "service": 0, "src_bytes": 7300.0, "dst_bytes": 0.0, "count": 380.0, "srv_count": 330.0, "serror_rate": 0.85, "srv_serror_rate": 0.8, "same_srv_rate": 1.0}, "result": "\ud83d\udea8 ATTACK"}
{"timestamp": "2026-04-14 18:35:42", "data_input": {"duration": 63.0, "protocol_type": 0, "service": 0, "src_bytes": 10500.0, "dst_bytes": 0.0, "count": 750.0, "srv_count": 650.0, "serror_rate": 0.99, "srv_serror_rate": 0.97, "same_srv_rate": 1.0}, "result": "\ud83d\udea8 ATTACK"}
{"timestamp": "2026-04-14 18:35:42", "data_input": {"duration": 64.0, "protocol_type": 0, "service": 0, "src_bytes": 200.0, "dst_bytes": 300.0, "count": 50.0, "srv_count": 40.0, "serror_rate": 0.1, "srv_serror_rate": 0.1, "same_srv_rate": 1.0}, "result": "\u2705 NORMAL"}
{"timestamp": "2026-04-14 18:35:42", "data_input": {"duration": 65.0, "protocol_type": 0, "service": 0, "src_bytes": 5000.0, "dst_bytes": 0.0, "count": 300.0, "srv_count": 200.0, "serror_rate": 0.8, "srv_serror_rate": 0.7, "same_srv_rate": 1.0}, "result": "\ud83d\udea8 ATTACK"}
{"timestamp": "2026-04-14 18:35:42", "data_input": {"duration": 66.0, "protocol_type": 0, "service": 0, "src_bytes": 150.0, "dst_bytes": 100.0, "count": 30.0, "srv_count": 20.0, "serror_rate": 0.0, "srv_serror_rate": 0.0, "same_srv_rate": 1.0}, "result": "\u2705 NORMAL"}
{"timestamp": "2026-04-14 18:35:42", "data_input": {"duration": 67.0, "protocol_type": 0, "service": 0, "src_bytes": 8000.0, "dst_bytes": 0.0, "count": 400.0, "srv_count": 350.0, "serror_rate": 0.9, "srv_serror_rate": 0.9, "same_srv_rate": 1.0}, "result": "\ud83d\udea8 ATTACK"}
{"timestamp": "2026-04-14 18:35:42", "data_input": {"duration": 68.0, "protocol_type": 0, "service": 0, "src_bytes": 100.0, "dst_bytes": 200.0, "count": 10.0, "srv_count": 5.0, "serror_rate": 0.0, "srv_serror_rate": 0.0, "same_srv_rate": 1.0}, "result": "\u2705 NORMAL"}
{"timestamp": "2026-04-14 18:35:42", "data_input": {"duration": 69.0, "protocol_type": 0, "service": 0, "src_bytes": 50.0, "dst_bytes": 0.0, "count": 500.0, "srv_count": 450.0, "serror_rate": 0.95, "srv_serror_rate": 0.9, "same_srv_rate": 1.0}, "result": "\u2705 NORMAL"}
{"timestamp": "2026-04-14 18:35:42", "data_input": {"duration": 70.0, "protocol_type": 0, "service": 0, "src_bytes": 300.0, "dst_bytes": 400.0, "count": 60.0, "srv_count": 50.0, "serror_rate": 0.2, "srv_serror_rate": 0.2, "same_srv_rate": 1.0}, "result": "\u2705 NORMAL"}
